# JRE version: Java(TM) SE Runtime Environment (8.0_77-b03) (build 1.8.0_77-b03)
# Java VM: Java HotSpot(TM) 64-Bit Server VM (25.77-b03 mixed mode windows-amd64 compressed oops)
Heap:
 PSYoungGen      total 28672K, used 7066K [0x00000000e0980000, 0x00000000e2980000, 0x0000000100000000)
  eden space 24576K, 12% used [0x00000000e0980000,0x00000000e0c692c0,0x00000000e2180000)
  from space 4096K, 99% used [0x00000000e2580000,0x00000000e297d730,0x00000000e2980000)
  to   space 4096K, 0% used [0x00000000e2180000,0x00000000e2180000,0x00000000e2580000)
 ParOldGen       total 65536K, used 13953K [0x00000000a1c00000, 0x00000000a5c00000, 0x00000000e0980000)
  object space 65536K, 21% used [0x00000000a1c00000,0x00000000a29a0630,0x00000000a5c00000)
 Metaspace       used 18837K, capacity 19116K, committed 19328K, reserved 1067008K
  class space    used 2305K, capacity 2400K, committed 2432K, reserved 1048576K
GC Heap History (4 events):
Event: 7.372 GC heap before
{Heap before GC invocations=1 (full 0):
 PSYoungGen      total 28672K, used 23777K [0x00000000e0980000, 0x00000000e2980000, 0x0000000100000000)
  eden space 24576K, 96% used [0x00000000e0980000,0x00000000e20b8540,0x00000000e2180000)
  from space 4096K, 0% used [0x00000000e2580000,0x00000000e2580000,0x00000000e2980000)
  to   space 4096K, 0% used [0x00000000e2180000,0x00000000e2180000,0x00000000e2580000)
 ParOldGen       total 65536K, used 0K [0x00000000a1c00000, 0x00000000a5c00000, 0x00000000e0980000)
  object space 65536K, 0% used [0x00000000a1c00000,0x00000000a1c00000,0x00000000a5c00000)
 Metaspace       used 16692K, capacity 16844K, committed 17024K, reserved 1064960K
  class space    used 2022K, capacity 2091K, committed 2176K, reserved 1048576K
Event: 7.381 GC heap after
Heap after GC invocations=1 (full 0):
 PSYoungGen      total 28672K, used 4069K [0x00000000e0980000, 0x00000000e2980000, 0x0000000100000000)
  eden space 24576K, 0% used [0x00000000e0980000,0x00000000e0980000,0x00000000e2180000)
  from space 4096K, 99% used [0x00000000e2180000,0x00000000e2579680,0x00000000e2580000)
  to   space 4096K, 0% used [0x00000000e2580000,0x00000000e2580000,0x00000000e2980000)
 ParOldGen       total 65536K, used 3846K [0x00000000a1c00000, 0x00000000a5c00000, 0x00000000e0980000)
  object space 65536K, 5% used [0x00000000a1c00000,0x00000000a1fc18b0,0x00000000a5c00000)
 Metaspace       used 16692K, capacity 16844K, committed 17024K, reserved 1064960K
  class space    used 2022K, capacity 2091K, committed 2176K, reserved 1048576K
}
Event: 16.700 GC heap before
{Heap before GC invocations=2 (full 0):
 PSYoungGen      total 28672K, used 28645K [0x00000000e0980000, 0x00000000e2980000, 0x0000000100000000)
  eden space 24576K, 100% used [0x00000000e0980000,0x00000000e2180000,0x00000000e2180000)
  from space 4096K, 99% used [0x00000000e2180000,0x00000000e2579680,0x00000000e2580000)
  to   space 4096K, 0% used [0x00000000e2580000,0x00000000e2580000,0x00000000e2980000)
 ParOldGen       total 65536K, used 3846K [0x00000000a1c00000, 0x00000000a5c00000, 0x00000000e0980000)
  object space 65536K, 5% used [0x00000000a1c00000,0x00000000a1fc18b0,0x00000000a5c00000)
 Metaspace       used 18737K, capacity 18950K, committed 19072K, reserved 1067008K
  class space    used 2292K, capacity 2366K, committed 2432K, reserved 1048576K
Event: 16.711 GC heap after
Heap after GC invocations=2 (full 0):
 PSYoungGen      total 28672K, used 4085K [0x00000000e0980000, 0x00000000e2980000, 0x0000000100000000)
  eden space 24576K, 0% used [0x00000000e0980000,0x00000000e0980000,0x00000000e2180000)
  from space 4096K, 99% used [0x00000000e2580000,0x00000000e297d730,0x00000000e2980000)
  to   space 4096K, 0% used [0x00000000e2180000,0x00000000e2180000,0x00000000e2580000)
 ParOldGen       total 65536K, used 13953K [0x00000000a1c00000, 0x00000000a5c00000, 0x00000000e0980000)
  object space 65536K, 21% used [0x00000000a1c00000,0x00000000a29a0630,0x00000000a5c00000)
 Metaspace       used 18737K, capacity 18950K, committed 19072K, reserved 1067008K
  class space    used 2292K, capacity 2366K, committed 2432K, reserved 1048576K
}

